<?xml version="1.0" encoding="UTF-8"?>
<!-- Generated by org.testng.reporters.JUnitXMLReporter -->
<testsuite hostname="AnushaBuddy" name="Test" tests="3" failures="0" timestamp="27 May 2020 06:15:05 GMT" time="8.315" errors="0">
  <testcase name="devCode" time="0.011" classname="BuddyTool.POCBuddy.AppTest"/>
  <testcase name="testApp" time="0.002" classname="BuddyTool.POCBuddy.AppTest"/>
  <testcase name="verifyGooglePageTittle" time="1.231" classname="BuddyTool.POCBuddy.AppTest"/>
</testsuite> <!-- Test -->
