<?xml version="1.0" encoding="UTF-8"?>
<testng-results skipped="0" failed="0" total="2" passed="2">
  <reporter-output>
  </reporter-output>
  <suite name="Suite" duration-ms="61" started-at="2020-05-21T09:17:42Z" finished-at="2020-05-21T09:17:42Z">
    <groups>
    </groups>
    <test name="Test" duration-ms="61" started-at="2020-05-21T09:17:42Z" finished-at="2020-05-21T09:17:42Z">
      <class name="BuddyTool.POCBuddy.AppTest">
        <test-method status="PASS" signature="testSetUp()[pri:0, instance:BuddyTool.POCBuddy.AppTest@1851384]" name="testSetUp" is-config="true" duration-ms="18" started-at="2020-05-21T09:17:42Z" finished-at="2020-05-21T09:17:42Z">
          <reporter-output>
          </reporter-output>
        </test-method> <!-- testSetUp -->
        <test-method status="PASS" signature="testApp()[pri:0, instance:BuddyTool.POCBuddy.AppTest@1851384]" name="testApp" duration-ms="17" started-at="2020-05-21T09:17:42Z" finished-at="2020-05-21T09:17:42Z">
          <reporter-output>
          </reporter-output>
        </test-method> <!-- testApp -->
        <test-method status="PASS" signature="verifyGooglePageTittle()[pri:0, instance:BuddyTool.POCBuddy.AppTest@1851384]" name="verifyGooglePageTittle" duration-ms="1" started-at="2020-05-21T09:17:42Z" finished-at="2020-05-21T09:17:42Z">
          <reporter-output>
          </reporter-output>
        </test-method> <!-- verifyGooglePageTittle -->
        <test-method status="PASS" signature="tearDown()[pri:0, instance:BuddyTool.POCBuddy.AppTest@1851384]" name="tearDown" is-config="true" duration-ms="0" started-at="2020-05-21T09:17:42Z" finished-at="2020-05-21T09:17:42Z">
          <reporter-output>
          </reporter-output>
        </test-method> <!-- tearDown -->
      </class> <!-- BuddyTool.POCBuddy.AppTest -->
    </test> <!-- Test -->
  </suite> <!-- Suite -->
</testng-results>
